-------------------------------------------------------------------------------
Test set: TestSuite
-------------------------------------------------------------------------------
Tests run: 12, Failures: 1, Errors: 0, Skipped: 0, Time elapsed: 95.494 s <<< FAILURE! - in TestSuite
runners.MainRunner.runScenario["Validate shopping cart - different items", "Optional[Wolt - Restaurant Page]"](11)  Time elapsed: 7.86 s  <<< FAILURE!
java.lang.AssertionError: expected [€3.00] but found [€2.00]

