<?xml version="1.0" encoding="UTF-8"?>
<testsuite xmlns:xsi="http://www.w3.org/2001/XMLSchema-instance" xsi:noNamespaceSchemaLocation="https://maven.apache.org/surefire/maven-surefire-plugin/xsd/surefire-test-report-3.0.xsd" version="3.0" name="TestSuite" time="95.494" tests="12" errors="0" skipped="0" failures="1">
  <properties>
[...]
</properties>
  <testcase name="runScenario[&quot;Validate restaurant options&quot;, &quot;Optional[Wolt - Discovery Page]&quot;](1)" classname="runners.MainRunner" time="12.068">
    <system-out><![CDATA[
@wolt @Discovery
Scenario: Validate restaurant options               # features/Discovery.feature:10
  Given I access the Discovery page                 # stepDefinitions.base.Discovery.iAccessTheDiscoveryPage()
  When I accept the cookies from discovery page     # stepDefinitions.base.Discovery.iAcceptTheCookiesFromDiscoveryPage()
  When I click on Restaurants button                # stepDefinitions.base.Discovery.iClickOnRestaurantsButton()
50
  Then I should be present to a list of restaurants # stepDefinitions.base.Discovery.iShouldBePresentToAListOfRestaurants()
]]></system-out>
    <system-err><![CDATA[SLF4J: Failed to load class "org.slf4j.impl.StaticLoggerBinder".
SLF4J: Defaulting to no-operation (NOP) logger implementation
SLF4J: See http://www.slf4j.org/codes.html#StaticLoggerBinder for further details.
Starting ChromeDriver 99.0.4844.51 (d537ec02474b5afe23684e7963d538896c63ac77-refs/branch-heads/4844@{#875}) on port 51412
Only local connections are allowed.
Please see https://chromedriver.chromium.org/security-considerations for suggestions on keeping ChromeDriver safe.
ChromeDriver was started successfully.
[1650383358.497][WARNING]: This version of ChromeDriver has not been tested with Chrome version 100.
Apr 19, 2022 6:49:18 PM org.openqa.selenium.remote.ProtocolHandshake createSession
INFO: Detected dialect: W3C
Apr 19, 2022 6:49:18 PM org.openqa.selenium.devtools.CdpVersionFinder findNearestMatch
WARNING: Unable to find an exact match for CDP version 100, so returning the closest version found: a no-op implementation
Apr 19, 2022 6:49:18 PM org.openqa.selenium.devtools.CdpVersionFinder findNearestMatch
INFO: Unable to find CDP implementation matching 100.
Apr 19, 2022 6:49:18 PM org.openqa.selenium.chromium.ChromiumDriver lambda$new$3
WARNING: Unable to find version of CDP to use for . You may need to include a dependency on a specific version of the CDP using something similar to `org.seleniumhq.selenium:selenium-devtools-v86:4.0.0` where the version ("v86") matches the version of the chromium-based browser you're using and the version number of the artifact is the same as Selenium's.
]]></system-err>
  </testcase>
  <testcase name="runScenario[&quot;Validate Stores options&quot;, &quot;Optional[Wolt - Discovery Page]&quot;](2)" classname="runners.MainRunner" time="9.186">
    <system-out><![CDATA[
@wolt @Discovery
Scenario: Validate Stores options               # features/Discovery.feature:15
  Given I access the Discovery page             # stepDefinitions.base.Discovery.iAccessTheDiscoveryPage()
  When I accept the cookies from discovery page # stepDefinitions.base.Discovery.iAcceptTheCookiesFromDiscoveryPage()
  And I click on Stores button                  # stepDefinitions.base.Discovery.iClickOnStoresButton()
15
  Then I should be present to a list of Stores  # stepDefinitions.base.Discovery.iShouldBePresentToAListOfStores()
]]></system-out>
    <system-err><![CDATA[Starting ChromeDriver 99.0.4844.51 (d537ec02474b5afe23684e7963d538896c63ac77-refs/branch-heads/4844@{#875}) on port 59484
Only local connections are allowed.
Please see https://chromedriver.chromium.org/security-considerations for suggestions on keeping ChromeDriver safe.
ChromeDriver was started successfully.
[1650383369.112][WARNING]: This version of ChromeDriver has not been tested with Chrome version 100.
Apr 19, 2022 6:49:29 PM org.openqa.selenium.remote.ProtocolHandshake createSession
INFO: Detected dialect: W3C
Apr 19, 2022 6:49:29 PM org.openqa.selenium.devtools.CdpVersionFinder findNearestMatch
WARNING: Unable to find an exact match for CDP version 100, so returning the closest version found: a no-op implementation
Apr 19, 2022 6:49:29 PM org.openqa.selenium.devtools.CdpVersionFinder findNearestMatch
INFO: Unable to find CDP implementation matching 100.
Apr 19, 2022 6:49:29 PM org.openqa.selenium.chromium.ChromiumDriver lambda$new$3
WARNING: Unable to find version of CDP to use for . You may need to include a dependency on a specific version of the CDP using something similar to `org.seleniumhq.selenium:selenium-devtools-v86:4.0.0` where the version ("v86") matches the version of the chromium-based browser you're using and the version number of the artifact is the same as Selenium's.
]]></system-err>
  </testcase>
  <testcase name="runScenario[&quot;Validate address input - Specific Data&quot;, &quot;Optional[Wolt - Frontpage]&quot;](3)" classname="runners.MainRunner" time="7.351">
    <system-out><![CDATA[
@frontpage @wolt
Scenario: Validate address input - Specific Data       # features/Frontpage.feature:10
  Given I access the frontpage                         # stepDefinitions.base.Frontpage.iAccessTheFrontPage()
  When I accept the cookies from frontpage             # stepDefinitions.base.Frontpage.iAcceptTheCookies()
  And I enter a specific address Tikkurila             # stepDefinitions.base.Frontpage.iEnterASpecificAddress(java.lang.String)
  And I click on search button                         # stepDefinitions.base.Frontpage.iClickOnSearchButton()
  And Select the address                               # stepDefinitions.base.Frontpage.selectTheAddress()
  Then I should be redirected to wolt.com/en/discovery # stepDefinitions.base.Frontpage.iShouldBeRedirectedTo(java.lang.String)
]]></system-out>
    <system-err><![CDATA[Starting ChromeDriver 99.0.4844.51 (d537ec02474b5afe23684e7963d538896c63ac77-refs/branch-heads/4844@{#875}) on port 50806
Only local connections are allowed.
Please see https://chromedriver.chromium.org/security-considerations for suggestions on keeping ChromeDriver safe.
ChromeDriver was started successfully.
[1650383378.291][WARNING]: This version of ChromeDriver has not been tested with Chrome version 100.
Apr 19, 2022 6:49:38 PM org.openqa.selenium.remote.ProtocolHandshake createSession
INFO: Detected dialect: W3C
Apr 19, 2022 6:49:38 PM org.openqa.selenium.devtools.CdpVersionFinder findNearestMatch
WARNING: Unable to find an exact match for CDP version 100, so returning the closest version found: a no-op implementation
Apr 19, 2022 6:49:38 PM org.openqa.selenium.devtools.CdpVersionFinder findNearestMatch
INFO: Unable to find CDP implementation matching 100.
Apr 19, 2022 6:49:38 PM org.openqa.selenium.chromium.ChromiumDriver lambda$new$3
WARNING: Unable to find version of CDP to use for . You may need to include a dependency on a specific version of the CDP using something similar to `org.seleniumhq.selenium:selenium-devtools-v86:4.0.0` where the version ("v86") matches the version of the chromium-based browser you're using and the version number of the artifact is the same as Selenium's.
]]></system-err>
  </testcase>
  <testcase name="runScenario[&quot;Validate address input - Current location&quot;, &quot;Optional[Wolt - Frontpage]&quot;](4)" classname="runners.MainRunner" time="9.869">
    <system-out><![CDATA[
@frontpage @wolt
Scenario: Validate address input - Current location    # features/Frontpage.feature:17
  Given I access the frontpage                         # stepDefinitions.base.Frontpage.iAccessTheFrontPage()
  When I accept the cookies from frontpage             # stepDefinitions.base.Frontpage.iAcceptTheCookies()
  And I click on the address box                       # stepDefinitions.base.Frontpage.clickOnTheAddressBox()
  And I Click on use my current location               # stepDefinitions.base.Frontpage.iClickOnUseMyCurrentLocation()
  Then I should be redirected to wolt.com/en/discovery # stepDefinitions.base.Frontpage.iShouldBeRedirectedTo(java.lang.String)
]]></system-out>
    <system-err><![CDATA[Starting ChromeDriver 99.0.4844.51 (d537ec02474b5afe23684e7963d538896c63ac77-refs/branch-heads/4844@{#875}) on port 55651
Only local connections are allowed.
Please see https://chromedriver.chromium.org/security-considerations for suggestions on keeping ChromeDriver safe.
ChromeDriver was started successfully.
[1650383385.604][WARNING]: This version of ChromeDriver has not been tested with Chrome version 100.
Apr 19, 2022 6:49:45 PM org.openqa.selenium.remote.ProtocolHandshake createSession
INFO: Detected dialect: W3C
Apr 19, 2022 6:49:45 PM org.openqa.selenium.devtools.CdpVersionFinder findNearestMatch
WARNING: Unable to find an exact match for CDP version 100, so returning the closest version found: a no-op implementation
Apr 19, 2022 6:49:45 PM org.openqa.selenium.devtools.CdpVersionFinder findNearestMatch
INFO: Unable to find CDP implementation matching 100.
Apr 19, 2022 6:49:45 PM org.openqa.selenium.chromium.ChromiumDriver lambda$new$3
WARNING: Unable to find version of CDP to use for . You may need to include a dependency on a specific version of the CDP using something similar to `org.seleniumhq.selenium:selenium-devtools-v86:4.0.0` where the version ("v86") matches the version of the chromium-based browser you're using and the version number of the artifact is the same as Selenium's.
]]></system-err>
  </testcase>
  <testcase name="runScenario[&quot;Validate view popular link button&quot;, &quot;Optional[Wolt - Frontpage]&quot;](5)" classname="runners.MainRunner" time="5.792">
    <system-out><![CDATA[
@frontpage @wolt
Scenario: Validate view popular link button                                  # features/Frontpage.feature:23
  Given I access the frontpage                                               # stepDefinitions.base.Frontpage.iAccessTheFrontPage()
  When I accept the cookies from frontpage                                   # stepDefinitions.base.Frontpage.iAcceptTheCookies()
  And I Click on view popular link button                                    # stepDefinitions.base.Frontpage.i_click_on_view_popular_link_button()
  Then I should be redirected either to wolt.com/en/fin/ or wolt.com/en/nor/ # stepDefinitions.base.Frontpage.iShouldBeRedirectedToOr(java.lang.String,java.lang.String)
]]></system-out>
    <system-err><![CDATA[Starting ChromeDriver 99.0.4844.51 (d537ec02474b5afe23684e7963d538896c63ac77-refs/branch-heads/4844@{#875}) on port 49271
Only local connections are allowed.
Please see https://chromedriver.chromium.org/security-considerations for suggestions on keeping ChromeDriver safe.
ChromeDriver was started successfully.
[1650383395.494][WARNING]: This version of ChromeDriver has not been tested with Chrome version 100.
Apr 19, 2022 6:49:55 PM org.openqa.selenium.remote.ProtocolHandshake createSession
INFO: Detected dialect: W3C
Apr 19, 2022 6:49:55 PM org.openqa.selenium.devtools.CdpVersionFinder findNearestMatch
WARNING: Unable to find an exact match for CDP version 100, so returning the closest version found: a no-op implementation
Apr 19, 2022 6:49:55 PM org.openqa.selenium.devtools.CdpVersionFinder findNearestMatch
INFO: Unable to find CDP implementation matching 100.
Apr 19, 2022 6:49:55 PM org.openqa.selenium.chromium.ChromiumDriver lambda$new$3
WARNING: Unable to find version of CDP to use for . You may need to include a dependency on a specific version of the CDP using something similar to `org.seleniumhq.selenium:selenium-devtools-v86:4.0.0` where the version ("v86") matches the version of the chromium-based browser you're using and the version number of the artifact is the same as Selenium's.
]]></system-err>
  </testcase>
  <testcase name="runScenario[&quot;Validate shopping cart&quot;, &quot;Optional[Wolt - Restaurant Page]&quot;](6)" classname="runners.MainRunner" time="7.171">
    <system-out><![CDATA[
@wolt @restaurant
Scenario: Validate shopping cart                        # features/Restaurant.feature:9
  Given I access the specific restaurant page           # stepDefinitions.base.Restaurant.iAccessTheSpecificRestaurantPage()
  When I accept the cookies from restaurant page        # stepDefinitions.base.Restaurant.iAcceptTheCookiesFromRestaurantPage()
  And I Choose an item on the menu                      # stepDefinitions.base.Restaurant.iChooseAItemOnTheMenu()
  And I click on add order button                       # stepDefinitions.base.Restaurant.iClickOnAddOrderButton()
  Then The cart view button should show the price €3.00 # stepDefinitions.base.Restaurant.theCartViewButtonShouldBeUpdated(java.lang.String)
]]></system-out>
    <system-err><![CDATA[Starting ChromeDriver 99.0.4844.51 (d537ec02474b5afe23684e7963d538896c63ac77-refs/branch-heads/4844@{#875}) on port 62601
Only local connections are allowed.
Please see https://chromedriver.chromium.org/security-considerations for suggestions on keeping ChromeDriver safe.
ChromeDriver was started successfully.
[1650383401.306][WARNING]: This version of ChromeDriver has not been tested with Chrome version 100.
Apr 19, 2022 6:50:01 PM org.openqa.selenium.remote.ProtocolHandshake createSession
INFO: Detected dialect: W3C
Apr 19, 2022 6:50:01 PM org.openqa.selenium.devtools.CdpVersionFinder findNearestMatch
WARNING: Unable to find an exact match for CDP version 100, so returning the closest version found: a no-op implementation
Apr 19, 2022 6:50:01 PM org.openqa.selenium.devtools.CdpVersionFinder findNearestMatch
INFO: Unable to find CDP implementation matching 100.
Apr 19, 2022 6:50:01 PM org.openqa.selenium.chromium.ChromiumDriver lambda$new$3
WARNING: Unable to find version of CDP to use for . You may need to include a dependency on a specific version of the CDP using something similar to `org.seleniumhq.selenium:selenium-devtools-v86:4.0.0` where the version ("v86") matches the version of the chromium-based browser you're using and the version number of the artifact is the same as Selenium's.
]]></system-err>
  </testcase>
  <testcase name="runScenario[&quot;Validate shopping cart - multiple items&quot;, &quot;Optional[Wolt - Restaurant Page]&quot;](7)" classname="runners.MainRunner" time="8.389">
    <system-out><![CDATA[
@wolt @restaurant
Scenario: Validate shopping cart - multiple items       # features/Restaurant.feature:15
  Given I access the specific restaurant page           # stepDefinitions.base.Restaurant.iAccessTheSpecificRestaurantPage()
  When I accept the cookies from restaurant page        # stepDefinitions.base.Restaurant.iAcceptTheCookiesFromRestaurantPage()
  And I Choose an item on the menu 55                   # stepDefinitions.base.Restaurant.iChooseAIitemOnTheMenu(int)
  And I click on add order button                       # stepDefinitions.base.Restaurant.iClickOnAddOrderButton()
  And I Choose an item on the menu 56                   # stepDefinitions.base.Restaurant.iChooseAIitemOnTheMenu(int)
  And I click on add order button                       # stepDefinitions.base.Restaurant.iClickOnAddOrderButton()
  Then The cart view button should show the price €6.00 # stepDefinitions.base.Restaurant.theCartViewButtonShouldBeUpdated(java.lang.String)
]]></system-out>
    <system-err><![CDATA[Starting ChromeDriver 99.0.4844.51 (d537ec02474b5afe23684e7963d538896c63ac77-refs/branch-heads/4844@{#875}) on port 54819
Only local connections are allowed.
Please see https://chromedriver.chromium.org/security-considerations for suggestions on keeping ChromeDriver safe.
ChromeDriver was started successfully.
[1650383408.470][WARNING]: This version of ChromeDriver has not been tested with Chrome version 100.
Apr 19, 2022 6:50:08 PM org.openqa.selenium.remote.ProtocolHandshake createSession
INFO: Detected dialect: W3C
Apr 19, 2022 6:50:08 PM org.openqa.selenium.devtools.CdpVersionFinder findNearestMatch
WARNING: Unable to find an exact match for CDP version 100, so returning the closest version found: a no-op implementation
Apr 19, 2022 6:50:08 PM org.openqa.selenium.devtools.CdpVersionFinder findNearestMatch
INFO: Unable to find CDP implementation matching 100.
Apr 19, 2022 6:50:08 PM org.openqa.selenium.chromium.ChromiumDriver lambda$new$3
WARNING: Unable to find version of CDP to use for . You may need to include a dependency on a specific version of the CDP using something similar to `org.seleniumhq.selenium:selenium-devtools-v86:4.0.0` where the version ("v86") matches the version of the chromium-based browser you're using and the version number of the artifact is the same as Selenium's.
]]></system-err>
  </testcase>
  <testcase name="runScenario[&quot;Validate shopping cart - Item with required options&quot;, &quot;Optional[Wolt - Restaurant Page]&quot;](8)" classname="runners.MainRunner" time="6.565">
    <system-out><![CDATA[
@wolt @restaurant
Scenario: Validate shopping cart - Item with required options                     # features/Restaurant.feature:23
  Given I access the specific restaurant page                                     # stepDefinitions.base.Restaurant.iAccessTheSpecificRestaurantPage()
  When I accept the cookies from restaurant page                                  # stepDefinitions.base.Restaurant.iAcceptTheCookiesFromRestaurantPage()
  And I Choose an item on the menu 22                                             # stepDefinitions.base.Restaurant.iChooseAIitemOnTheMenu(int)
  And I click on add order button                                                 # stepDefinitions.base.Restaurant.iClickOnAddOrderButton()
  Then The option form should to keep available and required message be presented # stepDefinitions.base.Restaurant.theOptionFormShouldToKeepAvailableAndRequiredMessageBePresented()
]]></system-out>
    <system-err><![CDATA[Starting ChromeDriver 99.0.4844.51 (d537ec02474b5afe23684e7963d538896c63ac77-refs/branch-heads/4844@{#875}) on port 49740
Only local connections are allowed.
Please see https://chromedriver.chromium.org/security-considerations for suggestions on keeping ChromeDriver safe.
ChromeDriver was started successfully.
[1650383416.820][WARNING]: This version of ChromeDriver has not been tested with Chrome version 100.
Apr 19, 2022 6:50:16 PM org.openqa.selenium.remote.ProtocolHandshake createSession
INFO: Detected dialect: W3C
Apr 19, 2022 6:50:16 PM org.openqa.selenium.devtools.CdpVersionFinder findNearestMatch
WARNING: Unable to find an exact match for CDP version 100, so returning the closest version found: a no-op implementation
Apr 19, 2022 6:50:16 PM org.openqa.selenium.devtools.CdpVersionFinder findNearestMatch
INFO: Unable to find CDP implementation matching 100.
Apr 19, 2022 6:50:16 PM org.openqa.selenium.chromium.ChromiumDriver lambda$new$3
WARNING: Unable to find version of CDP to use for . You may need to include a dependency on a specific version of the CDP using something similar to `org.seleniumhq.selenium:selenium-devtools-v86:4.0.0` where the version ("v86") matches the version of the chromium-based browser you're using and the version number of the artifact is the same as Selenium's.
]]></system-err>
  </testcase>
  <testcase name="runScenario[&quot;Validate shopping cart - different items&quot;, &quot;Optional[Wolt - Restaurant Page]&quot;](9)" classname="runners.MainRunner" time="7.005">
    <system-out><![CDATA[
@wolt @restaurant
Scenario Outline: Validate shopping cart - different items # features/Restaurant.feature:37
  Given I access the specific restaurant page              # stepDefinitions.base.Restaurant.iAccessTheSpecificRestaurantPage()
  When I accept the cookies from restaurant page           # stepDefinitions.base.Restaurant.iAcceptTheCookiesFromRestaurantPage()
  And I Choose an item on the menu 56                      # stepDefinitions.base.Restaurant.iChooseAIitemOnTheMenu(int)
  And I click on add order button                          # stepDefinitions.base.Restaurant.iClickOnAddOrderButton()
  Then The cart view button should show the price €3.00    # stepDefinitions.base.Restaurant.theCartViewButtonShouldBeUpdated(java.lang.String)
]]></system-out>
    <system-err><![CDATA[Starting ChromeDriver 99.0.4844.51 (d537ec02474b5afe23684e7963d538896c63ac77-refs/branch-heads/4844@{#875}) on port 53293
Only local connections are allowed.
Please see https://chromedriver.chromium.org/security-considerations for suggestions on keeping ChromeDriver safe.
ChromeDriver was started successfully.
[1650383423.421][WARNING]: This version of ChromeDriver has not been tested with Chrome version 100.
Apr 19, 2022 6:50:23 PM org.openqa.selenium.remote.ProtocolHandshake createSession
INFO: Detected dialect: W3C
Apr 19, 2022 6:50:23 PM org.openqa.selenium.devtools.CdpVersionFinder findNearestMatch
WARNING: Unable to find an exact match for CDP version 100, so returning the closest version found: a no-op implementation
Apr 19, 2022 6:50:23 PM org.openqa.selenium.devtools.CdpVersionFinder findNearestMatch
INFO: Unable to find CDP implementation matching 100.
Apr 19, 2022 6:50:23 PM org.openqa.selenium.chromium.ChromiumDriver lambda$new$3
WARNING: Unable to find version of CDP to use for . You may need to include a dependency on a specific version of the CDP using something similar to `org.seleniumhq.selenium:selenium-devtools-v86:4.0.0` where the version ("v86") matches the version of the chromium-based browser you're using and the version number of the artifact is the same as Selenium's.
]]></system-err>
  </testcase>
  <testcase name="runScenario[&quot;Validate shopping cart - different items&quot;, &quot;Optional[Wolt - Restaurant Page]&quot;](10)" classname="runners.MainRunner" time="6.841">
    <system-out><![CDATA[
@wolt @restaurant
Scenario Outline: Validate shopping cart - different items # features/Restaurant.feature:38
  Given I access the specific restaurant page              # stepDefinitions.base.Restaurant.iAccessTheSpecificRestaurantPage()
  When I accept the cookies from restaurant page           # stepDefinitions.base.Restaurant.iAcceptTheCookiesFromRestaurantPage()
  And I Choose an item on the menu 57                      # stepDefinitions.base.Restaurant.iChooseAIitemOnTheMenu(int)
  And I click on add order button                          # stepDefinitions.base.Restaurant.iClickOnAddOrderButton()
  Then The cart view button should show the price €3.00    # stepDefinitions.base.Restaurant.theCartViewButtonShouldBeUpdated(java.lang.String)
]]></system-out>
    <system-err><![CDATA[Starting ChromeDriver 99.0.4844.51 (d537ec02474b5afe23684e7963d538896c63ac77-refs/branch-heads/4844@{#875}) on port 49583
Only local connections are allowed.
Please see https://chromedriver.chromium.org/security-considerations for suggestions on keeping ChromeDriver safe.
ChromeDriver was started successfully.
[1650383430.424][WARNING]: This version of ChromeDriver has not been tested with Chrome version 100.
Apr 19, 2022 6:50:30 PM org.openqa.selenium.remote.ProtocolHandshake createSession
INFO: Detected dialect: W3C
Apr 19, 2022 6:50:30 PM org.openqa.selenium.devtools.CdpVersionFinder findNearestMatch
WARNING: Unable to find an exact match for CDP version 100, so returning the closest version found: a no-op implementation
Apr 19, 2022 6:50:30 PM org.openqa.selenium.devtools.CdpVersionFinder findNearestMatch
INFO: Unable to find CDP implementation matching 100.
Apr 19, 2022 6:50:30 PM org.openqa.selenium.chromium.ChromiumDriver lambda$new$3
WARNING: Unable to find version of CDP to use for . You may need to include a dependency on a specific version of the CDP using something similar to `org.seleniumhq.selenium:selenium-devtools-v86:4.0.0` where the version ("v86") matches the version of the chromium-based browser you're using and the version number of the artifact is the same as Selenium's.
]]></system-err>
  </testcase>
  <testcase name="runScenario[&quot;Validate shopping cart - different items&quot;, &quot;Optional[Wolt - Restaurant Page]&quot;](11)" classname="runners.MainRunner" time="7.86">
    <failure message="expected [€3.00] but found [€2.00]" type="java.lang.AssertionError"><![CDATA[java.lang.AssertionError: expected [€3.00] but found [€2.00]
]]></failure>
    <system-out><![CDATA[
@wolt @restaurant
Scenario Outline: Validate shopping cart - different items # features/Restaurant.feature:39
  Given I access the specific restaurant page              # stepDefinitions.base.Restaurant.iAccessTheSpecificRestaurantPage()
  When I accept the cookies from restaurant page           # stepDefinitions.base.Restaurant.iAcceptTheCookiesFromRestaurantPage()
  And I Choose an item on the menu 58                      # stepDefinitions.base.Restaurant.iChooseAIitemOnTheMenu(int)
  And I click on add order button                          # stepDefinitions.base.Restaurant.iClickOnAddOrderButton()
  Then The cart view button should show the price €2.00    # stepDefinitions.base.Restaurant.theCartViewButtonShouldBeUpdated(java.lang.String)
      java.lang.AssertionError: expected [€3.00] but found [€2.00]
	at org.testng.Assert.fail(Assert.java:99)
	at org.testng.Assert.failNotEquals(Assert.java:1037)
	at org.testng.Assert.assertEqualsImpl(Assert.java:140)
	at org.testng.Assert.assertEquals(Assert.java:122)
	at org.testng.Assert.assertEquals(Assert.java:629)
	at org.testng.Assert.assertEquals(Assert.java:639)
	at pageObjects.RestaurantPO.checkCartView(RestaurantPO.java:68)
	at stepDefinitions.base.Restaurant.theCartViewButtonShouldBeUpdated(Restaurant.java:38)
	at ✽.The cart view button should show the price €2.00(classpath:features/Restaurant.feature:33)


    Embedding 1650383443086 [image/png 278989 bytes]

]]></system-out>
    <system-err><![CDATA[Starting ChromeDriver 99.0.4844.51 (d537ec02474b5afe23684e7963d538896c63ac77-refs/branch-heads/4844@{#875}) on port 55013
Only local connections are allowed.
Please see https://chromedriver.chromium.org/security-considerations for suggestions on keeping ChromeDriver safe.
ChromeDriver was started successfully.
[1650383437.155][WARNING]: This version of ChromeDriver has not been tested with Chrome version 100.
Apr 19, 2022 6:50:37 PM org.openqa.selenium.remote.ProtocolHandshake createSession
INFO: Detected dialect: W3C
Apr 19, 2022 6:50:37 PM org.openqa.selenium.devtools.CdpVersionFinder findNearestMatch
WARNING: Unable to find an exact match for CDP version 100, so returning the closest version found: a no-op implementation
Apr 19, 2022 6:50:37 PM org.openqa.selenium.devtools.CdpVersionFinder findNearestMatch
INFO: Unable to find CDP implementation matching 100.
Apr 19, 2022 6:50:37 PM org.openqa.selenium.chromium.ChromiumDriver lambda$new$3
WARNING: Unable to find version of CDP to use for . You may need to include a dependency on a specific version of the CDP using something similar to `org.seleniumhq.selenium:selenium-devtools-v86:4.0.0` where the version ("v86") matches the version of the chromium-based browser you're using and the version number of the artifact is the same as Selenium's.
]]></system-err>
  </testcase>
  <testcase name="runScenario[&quot;Validate shopping cart - different items&quot;, &quot;Optional[Wolt - Restaurant Page]&quot;](12)" classname="runners.MainRunner" time="6.498">
    <system-out><![CDATA[
@wolt @restaurant
Scenario Outline: Validate shopping cart - different items # features/Restaurant.feature:40
  Given I access the specific restaurant page              # stepDefinitions.base.Restaurant.iAccessTheSpecificRestaurantPage()
  When I accept the cookies from restaurant page           # stepDefinitions.base.Restaurant.iAcceptTheCookiesFromRestaurantPage()
  And I Choose an item on the menu 59                      # stepDefinitions.base.Restaurant.iChooseAIitemOnTheMenu(int)
  And I click on add order button                          # stepDefinitions.base.Restaurant.iClickOnAddOrderButton()
  Then The cart view button should show the price €3.00    # stepDefinitions.base.Restaurant.theCartViewButtonShouldBeUpdated(java.lang.String)
]]></system-out>
    <system-err><![CDATA[Starting ChromeDriver 99.0.4844.51 (d537ec02474b5afe23684e7963d538896c63ac77-refs/branch-heads/4844@{#875}) on port 65162
Only local connections are allowed.
Please see https://chromedriver.chromium.org/security-considerations for suggestions on keeping ChromeDriver safe.
ChromeDriver was started successfully.
[1650383444.995][WARNING]: This version of ChromeDriver has not been tested with Chrome version 100.
Apr 19, 2022 6:50:45 PM org.openqa.selenium.remote.ProtocolHandshake createSession
INFO: Detected dialect: W3C
Apr 19, 2022 6:50:45 PM org.openqa.selenium.devtools.CdpVersionFinder findNearestMatch
WARNING: Unable to find an exact match for CDP version 100, so returning the closest version found: a no-op implementation
Apr 19, 2022 6:50:45 PM org.openqa.selenium.devtools.CdpVersionFinder findNearestMatch
INFO: Unable to find CDP implementation matching 100.
Apr 19, 2022 6:50:45 PM org.openqa.selenium.chromium.ChromiumDriver lambda$new$3
WARNING: Unable to find version of CDP to use for . You may need to include a dependency on a specific version of the CDP using something similar to `org.seleniumhq.selenium:selenium-devtools-v86:4.0.0` where the version ("v86") matches the version of the chromium-based browser you're using and the version number of the artifact is the same as Selenium's.
]]></system-err>
  </testcase>
</testsuite>